{
  "stats": {
    "suites": 1,
    "tests": 3,
    "passes": 2,
    "pending": 0,
    "failures": 1,
    "start": "2022-12-28T14:29:34.695Z",
    "end": "2022-12-28T14:29:51.278Z",
    "duration": 16583,
    "testsRegistered": 3,
    "passPercent": 66.66666666666666,
    "pendingPercent": 0,
    "other": 0,
    "hasOther": false,
    "skipped": 0,
    "hasSkipped": false
  },
  "results": [
    {
      "uuid": "03729600-979a-478a-ad7a-8ea4d1dc3c1b",
      "title": "",
      "fullFile": "cypress\\e2e\\Day5\\assignmentFive.cy.js",
      "file": "cypress\\e2e\\Day5\\assignmentFive.cy.js",
      "beforeHooks": [],
      "afterHooks": [],
      "tests": [],
      "suites": [
        {
          "uuid": "924f0d0c-1d8c-4915-87bc-935af02ffac4",
          "title": "Day 5 - Assignment 5",
          "fullFile": "",
          "file": "",
          "beforeHooks": [],
          "afterHooks": [],
          "tests": [
            {
              "title": "first test case",
              "fullTitle": "Day 5 - Assignment 5 first test case",
              "timedOut": null,
              "duration": 1064,
              "state": "passed",
              "speed": "fast",
              "pass": true,
              "fail": false,
              "pending": false,
              "context": null,
              "code": "if (cy.get('.category-grid > .item-grid').find('div.item-box').should('have.length', 3)) {\n  for (let i = 1; i <= 3; i++) {\n    cy.get(':nth-child(' + i + ') > .category-item > .title > a').should('have.text', cars[i - 1]);\n  }\n}",
              "err": {},
              "uuid": "2e376ecb-7f2f-44fd-a523-adaa7c7cbb86",
              "parentUUID": "924f0d0c-1d8c-4915-87bc-935af02ffac4",
              "isHook": false,
              "skipped": false
            },
            {
              "title": "second test case",
              "fullTitle": "Day 5 - Assignment 5 second test case",
              "timedOut": null,
              "duration": 3832,
              "state": "passed",
              "speed": "fast",
              "pass": true,
              "fail": false,
              "pending": false,
              "context": null,
              "code": "cy.get(':nth-child(1) > .product-item > .details > .product-title > a').invoke('attr', 'href').should('eq', '/build-your-own-computer');\ncy.get(':nth-child(1) > .product-item > .details > .product-title > a').click();",
              "err": {},
              "uuid": "21668b41-aa31-4627-b3dc-348c70bb9e52",
              "parentUUID": "924f0d0c-1d8c-4915-87bc-935af02ffac4",
              "isHook": false,
              "skipped": false
            },
            {
              "title": "third test case",
              "fullTitle": "Day 5 - Assignment 5 third test case",
              "timedOut": null,
              "duration": 8523,
              "state": "failed",
              "speed": null,
              "pass": false,
              "fail": true,
              "pending": false,
              "context": null,
              "code": "cy.get(':nth-child(2) > .product-item > .details > .add-info > .prices > .price').invoke('text').as('macbookPrice');\ncy.get(':nth-child(2) > .product-item > .details > .add-info > .buttons > .product-box-add-to-cart-button').click();\ncy.get('#add-to-cart-button-4').click();\ncy.get('.cart-label').click();\ncy.get('@macbookPrice').then(macbookPrice => {\n  cy.get('.product-unit-price').should('have.text', macbookPrice);\n});",
              "err": {
                "message": "AssertionError: Timed out retrying after 4000ms: expected '<span.product-unit-price>' to have text '', but the text was '$1,800.00'",
                "estack": "AssertionError: Timed out retrying after 4000ms: expected '<span.product-unit-price>' to have text '', but the text was '$1,800.00'\n    at Context.eval (webpack:///./cypress/e2e/Day5/assignmentFive.cy.js:30:42)",
                "diff": "- '$1,800.00'\n"
              },
              "uuid": "bb50af2d-8469-473d-ad9b-0cefd29f88f5",
              "parentUUID": "924f0d0c-1d8c-4915-87bc-935af02ffac4",
              "isHook": false,
              "skipped": false
            }
          ],
          "suites": [],
          "passes": [
            "2e376ecb-7f2f-44fd-a523-adaa7c7cbb86",
            "21668b41-aa31-4627-b3dc-348c70bb9e52"
          ],
          "failures": [
            "bb50af2d-8469-473d-ad9b-0cefd29f88f5"
          ],
          "pending": [],
          "skipped": [],
          "duration": 13419,
          "root": false,
          "rootEmpty": false,
          "_timeout": 2000
        }
      ],
      "passes": [],
      "failures": [],
      "pending": [],
      "skipped": [],
      "duration": 0,
      "root": true,
      "rootEmpty": true,
      "_timeout": 2000
    }
  ],
  "meta": {
    "mocha": {
      "version": "7.0.1"
    },
    "mochawesome": {
      "options": {
        "quiet": false,
        "reportFilename": "mochawesome",
        "saveHtml": false,
        "saveJson": true,
        "consoleReporter": "spec",
        "useInlineDiffs": false,
        "code": true
      },
      "version": "7.1.3"
    },
    "marge": {
      "options": {
        "charts": true,
        "reportPageTitle": "custom-title",
        "embeddedScreenshots": true,
        "inlineAssets": true,
        "saveAllAttempts": false,
        "reportDir": "cypress\\results\\.jsons",
        "overwrite": false,
        "html": false,
        "json": true
      },
      "version": "6.2.0"
    }
  }
}