{
  "stats": {
    "suites": 1,
    "tests": 3,
    "passes": 2,
    "pending": 0,
    "failures": 1,
    "start": "2022-12-28T14:19:19.156Z",
    "end": "2022-12-28T14:19:36.470Z",
    "duration": 17314,
    "testsRegistered": 3,
    "passPercent": 66.66666666666666,
    "pendingPercent": 0,
    "other": 0,
    "hasOther": false,
    "skipped": 0,
    "hasSkipped": false
  },
  "results": [
    {
      "uuid": "ac223c5f-b5c0-4869-b477-3cbab0f9aed5",
      "title": "",
      "fullFile": "cypress\\e2e\\Day5\\assignmentFive.cy.js",
      "file": "cypress\\e2e\\Day5\\assignmentFive.cy.js",
      "beforeHooks": [],
      "afterHooks": [],
      "tests": [],
      "suites": [
        {
          "uuid": "b8aa20c2-479c-4d73-9337-9487ba59b1b8",
          "title": "Day 5 - Assignment 5",
          "fullFile": "",
          "file": "",
          "beforeHooks": [],
          "afterHooks": [],
          "tests": [
            {
              "title": "first test case",
              "fullTitle": "Day 5 - Assignment 5 first test case",
              "timedOut": null,
              "duration": 1118,
              "state": "passed",
              "speed": "fast",
              "pass": true,
              "fail": false,
              "pending": false,
              "context": null,
              "code": "if (cy.get('.category-grid > .item-grid').find('div.item-box').should('have.length', 3)) {\n  for (let i = 1; i <= 3; i++) {\n    cy.get(':nth-child(' + i + ') > .category-item > .title > a').should('have.text', cars[i - 1]);\n  }\n}",
              "err": {},
              "uuid": "f6067a0c-5fc1-48d4-b3f2-13f683af86eb",
              "parentUUID": "b8aa20c2-479c-4d73-9337-9487ba59b1b8",
              "isHook": false,
              "skipped": false
            },
            {
              "title": "second test case",
              "fullTitle": "Day 5 - Assignment 5 second test case",
              "timedOut": null,
              "duration": 3106,
              "state": "passed",
              "speed": "fast",
              "pass": true,
              "fail": false,
              "pending": false,
              "context": null,
              "code": "cy.get(':nth-child(1) > .product-item > .details > .product-title > a').invoke('attr', 'href').should('eq', '/build-your-own-computer');\ncy.get(':nth-child(1) > .product-item > .details > .product-title > a').click();",
              "err": {},
              "uuid": "58b9a3be-d235-47da-bd8a-0eb27833fb3a",
              "parentUUID": "b8aa20c2-479c-4d73-9337-9487ba59b1b8",
              "isHook": false,
              "skipped": false
            },
            {
              "title": "third test case",
              "fullTitle": "Day 5 - Assignment 5 third test case",
              "timedOut": null,
              "duration": 10042,
              "state": "failed",
              "speed": null,
              "pass": false,
              "fail": true,
              "pending": false,
              "context": null,
              "code": "cy.get(':nth-child(2) > .product-item > .details > .add-info > .prices > .price').invoke('text').as('macbookPrice');\ncy.get(':nth-child(2) > .product-item > .details > .add-info > .buttons > .product-box-add-to-cart-button').click();\ncy.get('#add-to-cart-button-4').click();\ncy.get('.cart-label').click();\ncy.get('@macbookPrice').then(macbookPrice => {\n  cy.get('.product-unit-price').should('have.text', macbookPrice);\n});",
              "err": {
                "message": "AssertionError: Timed out retrying after 4000ms: expected '<span.product-unit-price>' to have text '', but the text was '$1,800.00'",
                "estack": "AssertionError: Timed out retrying after 4000ms: expected '<span.product-unit-price>' to have text '', but the text was '$1,800.00'\n    at Context.eval (webpack:///./cypress/e2e/Day5/assignmentFive.cy.js:30:42)",
                "diff": "- '$1,800.00'\n"
              },
              "uuid": "5d70ea9a-b383-4b49-8917-0bd80106150b",
              "parentUUID": "b8aa20c2-479c-4d73-9337-9487ba59b1b8",
              "isHook": false,
              "skipped": false
            }
          ],
          "suites": [],
          "passes": [
            "f6067a0c-5fc1-48d4-b3f2-13f683af86eb",
            "58b9a3be-d235-47da-bd8a-0eb27833fb3a"
          ],
          "failures": [
            "5d70ea9a-b383-4b49-8917-0bd80106150b"
          ],
          "pending": [],
          "skipped": [],
          "duration": 14266,
          "root": false,
          "rootEmpty": false,
          "_timeout": 2000
        }
      ],
      "passes": [],
      "failures": [],
      "pending": [],
      "skipped": [],
      "duration": 0,
      "root": true,
      "rootEmpty": true,
      "_timeout": 2000
    }
  ],
  "meta": {
    "mocha": {
      "version": "7.0.1"
    },
    "mochawesome": {
      "options": {
        "quiet": false,
        "reportFilename": "mochawesome",
        "saveHtml": false,
        "saveJson": true,
        "consoleReporter": "spec",
        "useInlineDiffs": false,
        "code": true
      },
      "version": "7.1.3"
    },
    "marge": {
      "options": {
        "charts": true,
        "reportPageTitle": "custom-title",
        "embeddedScreenshots": true,
        "inlineAssets": true,
        "saveAllAttempts": false,
        "reportDir": "cypress\\results\\.jsons",
        "overwrite": false,
        "html": false,
        "json": true
      },
      "version": "6.2.0"
    }
  }
}