{
  "stats": {
    "suites": 1,
    "tests": 3,
    "passes": 2,
    "pending": 0,
    "failures": 1,
    "start": "2022-12-28T14:26:04.415Z",
    "end": "2022-12-28T14:26:21.784Z",
    "duration": 17369,
    "testsRegistered": 3,
    "passPercent": 66.66666666666666,
    "pendingPercent": 0,
    "other": 0,
    "hasOther": false,
    "skipped": 0,
    "hasSkipped": false
  },
  "results": [
    {
      "uuid": "00d9b90e-61af-4333-b449-28a7a49b90d3",
      "title": "",
      "fullFile": "cypress\\e2e\\Day5\\assignmentFive.cy.js",
      "file": "cypress\\e2e\\Day5\\assignmentFive.cy.js",
      "beforeHooks": [],
      "afterHooks": [],
      "tests": [],
      "suites": [
        {
          "uuid": "a663f2a8-f49c-404a-9d68-eaa7dc52d5a7",
          "title": "Day 5 - Assignment 5",
          "fullFile": "",
          "file": "",
          "beforeHooks": [],
          "afterHooks": [],
          "tests": [
            {
              "title": "first test case",
              "fullTitle": "Day 5 - Assignment 5 first test case",
              "timedOut": null,
              "duration": 1052,
              "state": "passed",
              "speed": "fast",
              "pass": true,
              "fail": false,
              "pending": false,
              "context": null,
              "code": "if (cy.get('.category-grid > .item-grid').find('div.item-box').should('have.length', 3)) {\n  for (let i = 1; i <= 3; i++) {\n    cy.get(':nth-child(' + i + ') > .category-item > .title > a').should('have.text', cars[i - 1]);\n  }\n}",
              "err": {},
              "uuid": "9a8a9e55-88fd-4755-96f6-058a23b45668",
              "parentUUID": "a663f2a8-f49c-404a-9d68-eaa7dc52d5a7",
              "isHook": false,
              "skipped": false
            },
            {
              "title": "second test case",
              "fullTitle": "Day 5 - Assignment 5 second test case",
              "timedOut": null,
              "duration": 3580,
              "state": "passed",
              "speed": "fast",
              "pass": true,
              "fail": false,
              "pending": false,
              "context": null,
              "code": "cy.get(':nth-child(1) > .product-item > .details > .product-title > a').invoke('attr', 'href').should('eq', '/build-your-own-computer');\ncy.get(':nth-child(1) > .product-item > .details > .product-title > a').click();",
              "err": {},
              "uuid": "d94f5337-6930-44ad-9d1b-c73673f274dd",
              "parentUUID": "a663f2a8-f49c-404a-9d68-eaa7dc52d5a7",
              "isHook": false,
              "skipped": false
            },
            {
              "title": "third test case",
              "fullTitle": "Day 5 - Assignment 5 third test case",
              "timedOut": null,
              "duration": 9790,
              "state": "failed",
              "speed": null,
              "pass": false,
              "fail": true,
              "pending": false,
              "context": null,
              "code": "cy.get(':nth-child(2) > .product-item > .details > .add-info > .prices > .price').invoke('text').as('macbookPrice');\ncy.get(':nth-child(2) > .product-item > .details > .add-info > .buttons > .product-box-add-to-cart-button').click();\ncy.get('#add-to-cart-button-4').click();\ncy.get('.cart-label').click();\ncy.get('@macbookPrice').then(macbookPrice => {\n  cy.get('.product-unit-price').should('have.text', macbookPrice);\n});",
              "err": {
                "message": "AssertionError: Timed out retrying after 4000ms: Expected to find element: `.product-unit-price`, but never found it.",
                "estack": "AssertionError: Timed out retrying after 4000ms: Expected to find element: `.product-unit-price`, but never found it.\n    at Context.eval (webpack:///./cypress/e2e/Day5/assignmentFive.cy.js:30:42)",
                "diff": null
              },
              "uuid": "659f58e8-b590-4d02-b888-864694d94c48",
              "parentUUID": "a663f2a8-f49c-404a-9d68-eaa7dc52d5a7",
              "isHook": false,
              "skipped": false
            }
          ],
          "suites": [],
          "passes": [
            "9a8a9e55-88fd-4755-96f6-058a23b45668",
            "d94f5337-6930-44ad-9d1b-c73673f274dd"
          ],
          "failures": [
            "659f58e8-b590-4d02-b888-864694d94c48"
          ],
          "pending": [],
          "skipped": [],
          "duration": 14422,
          "root": false,
          "rootEmpty": false,
          "_timeout": 2000
        }
      ],
      "passes": [],
      "failures": [],
      "pending": [],
      "skipped": [],
      "duration": 0,
      "root": true,
      "rootEmpty": true,
      "_timeout": 2000
    }
  ],
  "meta": {
    "mocha": {
      "version": "7.0.1"
    },
    "mochawesome": {
      "options": {
        "quiet": false,
        "reportFilename": "mochawesome",
        "saveHtml": false,
        "saveJson": true,
        "consoleReporter": "spec",
        "useInlineDiffs": false,
        "code": true
      },
      "version": "7.1.3"
    },
    "marge": {
      "options": {
        "charts": true,
        "reportPageTitle": "custom-title",
        "embeddedScreenshots": true,
        "inlineAssets": true,
        "saveAllAttempts": false,
        "reportDir": "cypress\\results\\.jsons",
        "overwrite": false,
        "html": false,
        "json": true
      },
      "version": "6.2.0"
    }
  }
}